CRITICAL - 2024-01-28 03:56:15 --> CodeIgniter\View\Exceptions\ViewException: Invalid file: "singup.php"
in SYSTEMPATH\Exceptions\FrameworkException.php on line 39.
 1 SYSTEMPATH\View\View.php(216): CodeIgniter\Exceptions\FrameworkException::forInvalidFile('singup.php')
 2 SYSTEMPATH\Common.php(1178): CodeIgniter\View\View->render('singup', [], true)
 3 APPPATH\Controllers\UpliftController.php(65): view('singup')
 4 SYSTEMPATH\CodeIgniter.php(941): App\Controllers\UpliftController->signup()
 5 SYSTEMPATH\CodeIgniter.php(502): CodeIgniter\CodeIgniter->runController(Object(App\Controllers\UpliftController))
 6 SYSTEMPATH\CodeIgniter.php(361): CodeIgniter\CodeIgniter->handleRequest(null, Object(Config\Cache), false)
 7 FCPATH\index.php(79): CodeIgniter\CodeIgniter->run()
 8 SYSTEMPATH\Commands\Server\rewrite.php(47): require_once('C:\\xampp\\htdocs\\Ci4\\public\\index.php')
CRITICAL - 2024-01-28 03:56:24 --> CodeIgniter\View\Exceptions\ViewException: Invalid file: "singup.php"
in SYSTEMPATH\Exceptions\FrameworkException.php on line 39.
 1 SYSTEMPATH\View\View.php(216): CodeIgniter\Exceptions\FrameworkException::forInvalidFile('singup.php')
 2 SYSTEMPATH\Common.php(1178): CodeIgniter\View\View->render('singup', [], true)
 3 APPPATH\Controllers\UpliftController.php(65): view('singup')
 4 SYSTEMPATH\CodeIgniter.php(941): App\Controllers\UpliftController->signup()
 5 SYSTEMPATH\CodeIgniter.php(502): CodeIgniter\CodeIgniter->runController(Object(App\Controllers\UpliftController))
 6 SYSTEMPATH\CodeIgniter.php(361): CodeIgniter\CodeIgniter->handleRequest(null, Object(Config\Cache), false)
 7 FCPATH\index.php(79): CodeIgniter\CodeIgniter->run()
 8 SYSTEMPATH\Commands\Server\rewrite.php(47): require_once('C:\\xampp\\htdocs\\Ci4\\public\\index.php')
CRITICAL - 2024-01-28 03:56:43 --> CodeIgniter\View\Exceptions\ViewException: Invalid file: "singup.php"
in SYSTEMPATH\Exceptions\FrameworkException.php on line 39.
 1 SYSTEMPATH\View\View.php(216): CodeIgniter\Exceptions\FrameworkException::forInvalidFile('singup.php')
 2 SYSTEMPATH\Common.php(1178): CodeIgniter\View\View->render('singup', [], true)
 3 APPPATH\Controllers\UpliftController.php(65): view('singup')
 4 SYSTEMPATH\CodeIgniter.php(941): App\Controllers\UpliftController->signup()
 5 SYSTEMPATH\CodeIgniter.php(502): CodeIgniter\CodeIgniter->runController(Object(App\Controllers\UpliftController))
 6 SYSTEMPATH\CodeIgniter.php(361): CodeIgniter\CodeIgniter->handleRequest(null, Object(Config\Cache), false)
 7 FCPATH\index.php(79): CodeIgniter\CodeIgniter->run()
 8 SYSTEMPATH\Commands\Server\rewrite.php(47): require_once('C:\\xampp\\htdocs\\Ci4\\public\\index.php')
CRITICAL - 2024-01-28 04:01:37 --> ParseError: syntax error, unexpected token "}"
in APPPATH\Controllers\UpliftController.php on line 59.
 1 SYSTEMPATH\Autoloader\Autoloader.php(288): CodeIgniter\Autoloader\Autoloader->includeFile('C:\\xampp\\htdocs\\Ci4\\app\\Controllers\\UpliftController.php')
 2 SYSTEMPATH\Autoloader\Autoloader.php(266): CodeIgniter\Autoloader\Autoloader->loadInNamespace('App\\Controllers\\UpliftController')
 3 [internal function]: CodeIgniter\Autoloader\Autoloader->loadClass('App\\Controllers\\UpliftController')
 4 SYSTEMPATH\CodeIgniter.php(899): class_exists('\\App\\Controllers\\UpliftController', true)
 5 SYSTEMPATH\CodeIgniter.php(489): CodeIgniter\CodeIgniter->startController()
 6 SYSTEMPATH\CodeIgniter.php(361): CodeIgniter\CodeIgniter->handleRequest(null, Object(Config\Cache), false)
 7 FCPATH\index.php(79): CodeIgniter\CodeIgniter->run()
 8 SYSTEMPATH\Commands\Server\rewrite.php(47): require_once('C:\\xampp\\htdocs\\Ci4\\public\\index.php')
CRITICAL - 2024-01-28 04:01:38 --> ParseError: syntax error, unexpected token "}"
in APPPATH\Controllers\UpliftController.php on line 59.
 1 SYSTEMPATH\Autoloader\Autoloader.php(288): CodeIgniter\Autoloader\Autoloader->includeFile('C:\\xampp\\htdocs\\Ci4\\app\\Controllers\\UpliftController.php')
 2 SYSTEMPATH\Autoloader\Autoloader.php(266): CodeIgniter\Autoloader\Autoloader->loadInNamespace('App\\Controllers\\UpliftController')
 3 [internal function]: CodeIgniter\Autoloader\Autoloader->loadClass('App\\Controllers\\UpliftController')
 4 SYSTEMPATH\CodeIgniter.php(899): class_exists('\\App\\Controllers\\UpliftController', true)
 5 SYSTEMPATH\CodeIgniter.php(489): CodeIgniter\CodeIgniter->startController()
 6 SYSTEMPATH\CodeIgniter.php(361): CodeIgniter\CodeIgniter->handleRequest(null, Object(Config\Cache), false)
 7 FCPATH\index.php(79): CodeIgniter\CodeIgniter->run()
 8 SYSTEMPATH\Commands\Server\rewrite.php(47): require_once('C:\\xampp\\htdocs\\Ci4\\public\\index.php')
CRITICAL - 2024-01-28 09:33:37 --> Error: Call to undefined function set_value()
in APPPATH\Views\signup.php on line 12.
 1 SYSTEMPATH\View\View.php(228): include()
 2 SYSTEMPATH\View\View.php(231): CodeIgniter\View\View->CodeIgniter\View\{closure}()
 3 SYSTEMPATH\Common.php(1178): CodeIgniter\View\View->render('signup', [], true)
 4 APPPATH\Controllers\UpliftController.php(76): view('signup')
 5 SYSTEMPATH\CodeIgniter.php(941): App\Controllers\UpliftController->signup()
 6 SYSTEMPATH\CodeIgniter.php(502): CodeIgniter\CodeIgniter->runController(Object(App\Controllers\UpliftController))
 7 SYSTEMPATH\CodeIgniter.php(361): CodeIgniter\CodeIgniter->handleRequest(null, Object(Config\Cache), false)
 8 FCPATH\index.php(79): CodeIgniter\CodeIgniter->run()
 9 SYSTEMPATH\Commands\Server\rewrite.php(47): require_once('C:\\xampp\\htdocs\\Ci4\\public\\index.php')
CRITICAL - 2024-01-28 09:34:29 --> CodeIgniter\Validation\Exceptions\ValidationException: "match" is not a valid rule.
in SYSTEMPATH\Validation\Validation.php on line 336.
 1 SYSTEMPATH\Validation\Validation.php(336): CodeIgniter\Validation\Exceptions\ValidationException::forRuleNotFound('match')
 2 SYSTEMPATH\Validation\Validation.php(200): CodeIgniter\Validation\Validation->processRules('cpassword', 'cpassword', 'lHuyiuhj', [...], [...])
 3 SYSTEMPATH\Controller.php(152): CodeIgniter\Validation\Validation->run()
 4 APPPATH\Controllers\UpliftController.php(117): CodeIgniter\Controller->validate([...], [...])
 5 SYSTEMPATH\CodeIgniter.php(941): App\Controllers\UpliftController->signup()
 6 SYSTEMPATH\CodeIgniter.php(502): CodeIgniter\CodeIgniter->runController(Object(App\Controllers\UpliftController))
 7 SYSTEMPATH\CodeIgniter.php(361): CodeIgniter\CodeIgniter->handleRequest(null, Object(Config\Cache), false)
 8 FCPATH\index.php(79): CodeIgniter\CodeIgniter->run()
 9 SYSTEMPATH\Commands\Server\rewrite.php(47): require_once('C:\\xampp\\htdocs\\Ci4\\public\\index.php')
CRITICAL - 2024-01-28 09:45:11 --> ErrorException: Undefined property: CodeIgniter\Validation\Validation::$Errors
in APPPATH\Views\signup.php on line 49.
 1 APPPATH\Views\signup.php(49): CodeIgniter\Debug\Exceptions->errorHandler(2, 'Undefined property: CodeIgniter\\Validation\\Validation::$Errors', 'C:\\xampp\\htdocs\\Ci4\\app\\Views\\signup.php', 49)
 2 SYSTEMPATH\View\View.php(228): include('C:\\xampp\\htdocs\\Ci4\\app\\Views\\signup.php')
 3 SYSTEMPATH\View\View.php(231): CodeIgniter\View\View->CodeIgniter\View\{closure}()
 4 SYSTEMPATH\Common.php(1178): CodeIgniter\View\View->render('signup', [], true)
 5 APPPATH\Controllers\UpliftController.php(125): view('signup', [...])
 6 SYSTEMPATH\CodeIgniter.php(941): App\Controllers\UpliftController->signup()
 7 SYSTEMPATH\CodeIgniter.php(502): CodeIgniter\CodeIgniter->runController(Object(App\Controllers\UpliftController))
 8 SYSTEMPATH\CodeIgniter.php(361): CodeIgniter\CodeIgniter->handleRequest(null, Object(Config\Cache), false)
 9 FCPATH\index.php(79): CodeIgniter\CodeIgniter->run()
10 SYSTEMPATH\Commands\Server\rewrite.php(47): require_once('C:\\xampp\\htdocs\\Ci4\\public\\index.php')
CRITICAL - 2024-01-28 09:45:28 --> ErrorException: Undefined property: CodeIgniter\Validation\Validation::$getErrors
in APPPATH\Views\signup.php on line 49.
 1 APPPATH\Views\signup.php(49): CodeIgniter\Debug\Exceptions->errorHandler(2, 'Undefined property: CodeIgniter\\Validation\\Validation::$getErrors', 'C:\\xampp\\htdocs\\Ci4\\app\\Views\\signup.php', 49)
 2 SYSTEMPATH\View\View.php(228): include('C:\\xampp\\htdocs\\Ci4\\app\\Views\\signup.php')
 3 SYSTEMPATH\View\View.php(231): CodeIgniter\View\View->CodeIgniter\View\{closure}()
 4 SYSTEMPATH\Common.php(1178): CodeIgniter\View\View->render('signup', [], true)
 5 APPPATH\Controllers\UpliftController.php(125): view('signup', [...])
 6 SYSTEMPATH\CodeIgniter.php(941): App\Controllers\UpliftController->signup()
 7 SYSTEMPATH\CodeIgniter.php(502): CodeIgniter\CodeIgniter->runController(Object(App\Controllers\UpliftController))
 8 SYSTEMPATH\CodeIgniter.php(361): CodeIgniter\CodeIgniter->handleRequest(null, Object(Config\Cache), false)
 9 FCPATH\index.php(79): CodeIgniter\CodeIgniter->run()
10 SYSTEMPATH\Commands\Server\rewrite.php(47): require_once('C:\\xampp\\htdocs\\Ci4\\public\\index.php')
CRITICAL - 2024-01-28 09:50:34 --> ErrorException: Undefined array key "username"
in APPPATH\Views\signup.php on line 53.
 1 APPPATH\Views\signup.php(53): CodeIgniter\Debug\Exceptions->errorHandler(2, 'Undefined array key "username"', 'C:\\xampp\\htdocs\\Ci4\\app\\Views\\signup.php', 53)
 2 SYSTEMPATH\View\View.php(228): include('C:\\xampp\\htdocs\\Ci4\\app\\Views\\signup.php')
 3 SYSTEMPATH\View\View.php(231): CodeIgniter\View\View->CodeIgniter\View\{closure}()
 4 SYSTEMPATH\Common.php(1178): CodeIgniter\View\View->render('signup', [], true)
 5 APPPATH\Controllers\UpliftController.php(125): view('signup', [...])
 6 SYSTEMPATH\CodeIgniter.php(941): App\Controllers\UpliftController->signup()
 7 SYSTEMPATH\CodeIgniter.php(502): CodeIgniter\CodeIgniter->runController(Object(App\Controllers\UpliftController))
 8 SYSTEMPATH\CodeIgniter.php(361): CodeIgniter\CodeIgniter->handleRequest(null, Object(Config\Cache), false)
 9 FCPATH\index.php(79): CodeIgniter\CodeIgniter->run()
10 SYSTEMPATH\Commands\Server\rewrite.php(47): require_once('C:\\xampp\\htdocs\\Ci4\\public\\index.php')
CRITICAL - 2024-01-28 09:52:08 --> ErrorException: Undefined array key "username"
in APPPATH\Views\signup.php on line 53.
 1 APPPATH\Views\signup.php(53): CodeIgniter\Debug\Exceptions->errorHandler(2, 'Undefined array key "username"', 'C:\\xampp\\htdocs\\Ci4\\app\\Views\\signup.php', 53)
 2 SYSTEMPATH\View\View.php(228): include('C:\\xampp\\htdocs\\Ci4\\app\\Views\\signup.php')
 3 SYSTEMPATH\View\View.php(231): CodeIgniter\View\View->CodeIgniter\View\{closure}()
 4 SYSTEMPATH\Common.php(1178): CodeIgniter\View\View->render('signup', [], true)
 5 APPPATH\Controllers\UpliftController.php(125): view('signup', [...])
 6 SYSTEMPATH\CodeIgniter.php(941): App\Controllers\UpliftController->signup()
 7 SYSTEMPATH\CodeIgniter.php(502): CodeIgniter\CodeIgniter->runController(Object(App\Controllers\UpliftController))
 8 SYSTEMPATH\CodeIgniter.php(361): CodeIgniter\CodeIgniter->handleRequest(null, Object(Config\Cache), false)
 9 FCPATH\index.php(79): CodeIgniter\CodeIgniter->run()
10 SYSTEMPATH\Commands\Server\rewrite.php(47): require_once('C:\\xampp\\htdocs\\Ci4\\public\\index.php')
CRITICAL - 2024-01-28 09:52:20 --> ErrorException: Undefined array key "username"
in APPPATH\Views\signup.php on line 53.
 1 APPPATH\Views\signup.php(53): CodeIgniter\Debug\Exceptions->errorHandler(2, 'Undefined array key "username"', 'C:\\xampp\\htdocs\\Ci4\\app\\Views\\signup.php', 53)
 2 SYSTEMPATH\View\View.php(228): include('C:\\xampp\\htdocs\\Ci4\\app\\Views\\signup.php')
 3 SYSTEMPATH\View\View.php(231): CodeIgniter\View\View->CodeIgniter\View\{closure}()
 4 SYSTEMPATH\Common.php(1178): CodeIgniter\View\View->render('signup', [], true)
 5 APPPATH\Controllers\UpliftController.php(125): view('signup', [...])
 6 SYSTEMPATH\CodeIgniter.php(941): App\Controllers\UpliftController->signup()
 7 SYSTEMPATH\CodeIgniter.php(502): CodeIgniter\CodeIgniter->runController(Object(App\Controllers\UpliftController))
 8 SYSTEMPATH\CodeIgniter.php(361): CodeIgniter\CodeIgniter->handleRequest(null, Object(Config\Cache), false)
 9 FCPATH\index.php(79): CodeIgniter\CodeIgniter->run()
10 SYSTEMPATH\Commands\Server\rewrite.php(47): require_once('C:\\xampp\\htdocs\\Ci4\\public\\index.php')
CRITICAL - 2024-01-28 17:20:47 --> Error: Object of class App\Controllers\UpliftController could not be converted to string
in APPPATH\Controllers\UpliftController.php on line 134.
 1 SYSTEMPATH\CodeIgniter.php(941): App\Controllers\UpliftController->signup()
 2 SYSTEMPATH\CodeIgniter.php(502): CodeIgniter\CodeIgniter->runController(Object(App\Controllers\UpliftController))
 3 SYSTEMPATH\CodeIgniter.php(361): CodeIgniter\CodeIgniter->handleRequest(null, Object(Config\Cache), false)
 4 FCPATH\index.php(79): CodeIgniter\CodeIgniter->run()
 5 SYSTEMPATH\Commands\Server\rewrite.php(47): require_once('C:\\xampp\\htdocs\\Ci4\\public\\index.php')
ERROR - 2024-01-28 19:04:05 --> ErrorException: pg_query(): Query failed: ERROR:  null value in column &quot;username&quot; of relation &quot;users&quot; violates not-null constraint
DETAIL:  Failing row contains (25, HwmCrfA6ap, HwmCrfA6ap, john.doe@email.co, lHuyiuhj, null, null, 2024-01-29, 2024-01-29, 2024-01-29 00:34:05.109036, f, f, null, null, null). in C:\xampp\htdocs\Ci4\system\Database\Postgre\Connection.php:187
Stack trace:
#0 [internal function]: CodeIgniter\Debug\Exceptions->errorHandler(2, 'pg_query(): Que...', 'C:\\xampp\\htdocs...', 187)
#1 C:\xampp\htdocs\Ci4\system\Database\Postgre\Connection.php(187): pg_query(Object(PgSql\Connection), 'INSERT INTO "us...')
#2 C:\xampp\htdocs\Ci4\system\Database\BaseConnection.php(693): CodeIgniter\Database\Postgre\Connection->execute('INSERT INTO "us...')
#3 C:\xampp\htdocs\Ci4\system\Database\BaseConnection.php(607): CodeIgniter\Database\BaseConnection->simpleQuery('INSERT INTO "us...')
#4 C:\xampp\htdocs\Ci4\system\Database\BaseBuilder.php(2302): CodeIgniter\Database\BaseConnection->query('INSERT INTO "us...', Array, false)
#5 C:\xampp\htdocs\Ci4\system\Model.php(326): CodeIgniter\Database\BaseBuilder->insert()
#6 C:\xampp\htdocs\Ci4\system\BaseModel.php(802): CodeIgniter\Model->doInsert(Array)
#7 C:\xampp\htdocs\Ci4\system\Model.php(744): CodeIgniter\BaseModel->insert(Array, false)
#8 C:\xampp\htdocs\Ci4\system\BaseModel.php(713): CodeIgniter\Model->insert(Array, false)
#9 C:\xampp\htdocs\Ci4\app\Controllers\UpliftController.php(148): CodeIgniter\BaseModel->save(Array)
#10 C:\xampp\htdocs\Ci4\system\CodeIgniter.php(941): App\Controllers\UpliftController->signup()
#11 C:\xampp\htdocs\Ci4\system\CodeIgniter.php(502): CodeIgniter\CodeIgniter->runController(Object(App\Controllers\UpliftController))
#12 C:\xampp\htdocs\Ci4\system\CodeIgniter.php(361): CodeIgniter\CodeIgniter->handleRequest(NULL, Object(Config\Cache), false)
#13 C:\xampp\htdocs\Ci4\public\index.php(79): CodeIgniter\CodeIgniter->run()
#14 C:\xampp\htdocs\Ci4\system\Commands\Server\rewrite.php(47): require_once('C:\\xampp\\htdocs...')
#15 {main}
CRITICAL - 2024-01-28 19:04:05 --> CodeIgniter\Database\Exceptions\DatabaseException: pg_query(): Query failed: ERROR:  null value in column &quot;username&quot; of relation &quot;users&quot; violates not-null constraint
DETAIL:  Failing row contains (25, HwmCrfA6ap, HwmCrfA6ap, john.doe@email.co, lHuyiuhj, null, null, 2024-01-29, 2024-01-29, 2024-01-29 00:34:05.109036, f, f, null, null, null).
in SYSTEMPATH\Database\BaseConnection.php on line 647.
 1 SYSTEMPATH\Database\BaseBuilder.php(2302): CodeIgniter\Database\BaseConnection->query('INSERT INTO "users" ("fname", "lname", "email", "user_password") VALUES (:fname:, :lname:, :email:, :user_password:)', [...], false)
 2 SYSTEMPATH\Model.php(326): CodeIgniter\Database\BaseBuilder->insert()
 3 SYSTEMPATH\BaseModel.php(802): CodeIgniter\Model->doInsert([...])
 4 SYSTEMPATH\Model.php(744): CodeIgniter\BaseModel->insert([...], false)
 5 SYSTEMPATH\BaseModel.php(713): CodeIgniter\Model->insert([...], false)
 6 APPPATH\Controllers\UpliftController.php(148): CodeIgniter\BaseModel->save([...])
 7 SYSTEMPATH\CodeIgniter.php(941): App\Controllers\UpliftController->signup()
 8 SYSTEMPATH\CodeIgniter.php(502): CodeIgniter\CodeIgniter->runController(Object(App\Controllers\UpliftController))
 9 SYSTEMPATH\CodeIgniter.php(361): CodeIgniter\CodeIgniter->handleRequest(null, Object(Config\Cache), false)
10 FCPATH\index.php(79): CodeIgniter\CodeIgniter->run()
11 SYSTEMPATH\Commands\Server\rewrite.php(47): require_once('C:\\xampp\\htdocs\\Ci4\\public\\index.php')
CRITICAL - 2024-01-28 19:04:05 --> [Caused by] CodeIgniter\Database\Exceptions\DatabaseException: pg_query(): Query failed: ERROR:  null value in column &quot;username&quot; of relation &quot;users&quot; violates not-null constraint
DETAIL:  Failing row contains (25, HwmCrfA6ap, HwmCrfA6ap, john.doe@email.co, lHuyiuhj, null, null, 2024-01-29, 2024-01-29, 2024-01-29 00:34:05.109036, f, f, null, null, null).
in SYSTEMPATH\Database\Postgre\Connection.php on line 192.
 1 SYSTEMPATH\Database\BaseConnection.php(693): CodeIgniter\Database\Postgre\Connection->execute('INSERT INTO "users" ("fname", "lname", "email", "user_password") VALUES (\'HwmCrfA6ap\', \'HwmCrfA6ap\', \'john.doe@email.co\', \'lHuyiuhj\')')
 2 SYSTEMPATH\Database\BaseConnection.php(607): CodeIgniter\Database\BaseConnection->simpleQuery('INSERT INTO "users" ("fname", "lname", "email", "user_password") VALUES (\'HwmCrfA6ap\', \'HwmCrfA6ap\', \'john.doe@email.co\', \'lHuyiuhj\')')
 3 SYSTEMPATH\Database\BaseBuilder.php(2302): CodeIgniter\Database\BaseConnection->query('INSERT INTO "users" ("fname", "lname", "email", "user_password") VALUES (:fname:, :lname:, :email:, :user_password:)', [...], false)
 4 SYSTEMPATH\Model.php(326): CodeIgniter\Database\BaseBuilder->insert()
 5 SYSTEMPATH\BaseModel.php(802): CodeIgniter\Model->doInsert([...])
 6 SYSTEMPATH\Model.php(744): CodeIgniter\BaseModel->insert([...], false)
 7 SYSTEMPATH\BaseModel.php(713): CodeIgniter\Model->insert([...], false)
 8 APPPATH\Controllers\UpliftController.php(148): CodeIgniter\BaseModel->save([...])
 9 SYSTEMPATH\CodeIgniter.php(941): App\Controllers\UpliftController->signup()
10 SYSTEMPATH\CodeIgniter.php(502): CodeIgniter\CodeIgniter->runController(Object(App\Controllers\UpliftController))
11 SYSTEMPATH\CodeIgniter.php(361): CodeIgniter\CodeIgniter->handleRequest(null, Object(Config\Cache), false)
12 FCPATH\index.php(79): CodeIgniter\CodeIgniter->run()
13 SYSTEMPATH\Commands\Server\rewrite.php(47): require_once('C:\\xampp\\htdocs\\Ci4\\public\\index.php')
CRITICAL - 2024-01-28 19:04:05 --> [Caused by] ErrorException: pg_query(): Query failed: ERROR:  null value in column &quot;username&quot; of relation &quot;users&quot; violates not-null constraint
DETAIL:  Failing row contains (25, HwmCrfA6ap, HwmCrfA6ap, john.doe@email.co, lHuyiuhj, null, null, 2024-01-29, 2024-01-29, 2024-01-29 00:34:05.109036, f, f, null, null, null).
in SYSTEMPATH\Database\Postgre\Connection.php on line 187.
 1 [internal function]: CodeIgniter\Debug\Exceptions->errorHandler(2, 'pg_query(): Query failed: ERROR:  null value in column &quot;username&quot; of relation &quot;users&quot; violates not-null constraint
DETAIL:  Failing row contains (25, HwmCrfA6ap, HwmCrfA6ap, john.doe@email.co, lHuyiuhj, null, null, 2024-01-29, 2024-01-29, 2024-01-29 00:34:05.109036, f, f, null, null, null).', 'C:\\xampp\\htdocs\\Ci4\\system\\Database\\Postgre\\Connection.php', 187)
 2 SYSTEMPATH\Database\Postgre\Connection.php(187): pg_query(Object(PgSql\Connection), 'INSERT INTO "users" ("fname", "lname", "email", "user_password") VALUES (\'HwmCrfA6ap\', \'HwmCrfA6ap\', \'john.doe@email.co\', \'lHuyiuhj\')')
 3 SYSTEMPATH\Database\BaseConnection.php(693): CodeIgniter\Database\Postgre\Connection->execute('INSERT INTO "users" ("fname", "lname", "email", "user_password") VALUES (\'HwmCrfA6ap\', \'HwmCrfA6ap\', \'john.doe@email.co\', \'lHuyiuhj\')')
 4 SYSTEMPATH\Database\BaseConnection.php(607): CodeIgniter\Database\BaseConnection->simpleQuery('INSERT INTO "users" ("fname", "lname", "email", "user_password") VALUES (\'HwmCrfA6ap\', \'HwmCrfA6ap\', \'john.doe@email.co\', \'lHuyiuhj\')')
 5 SYSTEMPATH\Database\BaseBuilder.php(2302): CodeIgniter\Database\BaseConnection->query('INSERT INTO "users" ("fname", "lname", "email", "user_password") VALUES (:fname:, :lname:, :email:, :user_password:)', [...], false)
 6 SYSTEMPATH\Model.php(326): CodeIgniter\Database\BaseBuilder->insert()
 7 SYSTEMPATH\BaseModel.php(802): CodeIgniter\Model->doInsert([...])
 8 SYSTEMPATH\Model.php(744): CodeIgniter\BaseModel->insert([...], false)
 9 SYSTEMPATH\BaseModel.php(713): CodeIgniter\Model->insert([...], false)
10 APPPATH\Controllers\UpliftController.php(148): CodeIgniter\BaseModel->save([...])
11 SYSTEMPATH\CodeIgniter.php(941): App\Controllers\UpliftController->signup()
12 SYSTEMPATH\CodeIgniter.php(502): CodeIgniter\CodeIgniter->runController(Object(App\Controllers\UpliftController))
13 SYSTEMPATH\CodeIgniter.php(361): CodeIgniter\CodeIgniter->handleRequest(null, Object(Config\Cache), false)
14 FCPATH\index.php(79): CodeIgniter\CodeIgniter->run()
15 SYSTEMPATH\Commands\Server\rewrite.php(47): require_once('C:\\xampp\\htdocs\\Ci4\\public\\index.php')
ERROR - 2024-01-28 19:04:59 --> ErrorException: pg_query(): Query failed: ERROR:  null value in column &quot;username&quot; of relation &quot;users&quot; violates not-null constraint
DETAIL:  Failing row contains (26, HwmCrfA6ap, HwmCrfA6ap, john.doe@email.co, lHuyiuhj, null, null, 2024-01-29, 2024-01-29, 2024-01-29 00:34:59.114792, f, f, null, null, null). in C:\xampp\htdocs\Ci4\system\Database\Postgre\Connection.php:187
Stack trace:
#0 [internal function]: CodeIgniter\Debug\Exceptions->errorHandler(2, 'pg_query(): Que...', 'C:\\xampp\\htdocs...', 187)
#1 C:\xampp\htdocs\Ci4\system\Database\Postgre\Connection.php(187): pg_query(Object(PgSql\Connection), 'INSERT INTO "us...')
#2 C:\xampp\htdocs\Ci4\system\Database\BaseConnection.php(693): CodeIgniter\Database\Postgre\Connection->execute('INSERT INTO "us...')
#3 C:\xampp\htdocs\Ci4\system\Database\BaseConnection.php(607): CodeIgniter\Database\BaseConnection->simpleQuery('INSERT INTO "us...')
#4 C:\xampp\htdocs\Ci4\system\Database\BaseBuilder.php(2302): CodeIgniter\Database\BaseConnection->query('INSERT INTO "us...', Array, false)
#5 C:\xampp\htdocs\Ci4\system\Model.php(326): CodeIgniter\Database\BaseBuilder->insert()
#6 C:\xampp\htdocs\Ci4\system\BaseModel.php(802): CodeIgniter\Model->doInsert(Array)
#7 C:\xampp\htdocs\Ci4\system\Model.php(744): CodeIgniter\BaseModel->insert(Array, false)
#8 C:\xampp\htdocs\Ci4\system\BaseModel.php(713): CodeIgniter\Model->insert(Array, false)
#9 C:\xampp\htdocs\Ci4\app\Controllers\UpliftController.php(148): CodeIgniter\BaseModel->save(Array)
#10 C:\xampp\htdocs\Ci4\system\CodeIgniter.php(941): App\Controllers\UpliftController->signup()
#11 C:\xampp\htdocs\Ci4\system\CodeIgniter.php(502): CodeIgniter\CodeIgniter->runController(Object(App\Controllers\UpliftController))
#12 C:\xampp\htdocs\Ci4\system\CodeIgniter.php(361): CodeIgniter\CodeIgniter->handleRequest(NULL, Object(Config\Cache), false)
#13 C:\xampp\htdocs\Ci4\public\index.php(79): CodeIgniter\CodeIgniter->run()
#14 C:\xampp\htdocs\Ci4\system\Commands\Server\rewrite.php(47): require_once('C:\\xampp\\htdocs...')
#15 {main}
CRITICAL - 2024-01-28 19:04:59 --> CodeIgniter\Database\Exceptions\DatabaseException: pg_query(): Query failed: ERROR:  null value in column &quot;username&quot; of relation &quot;users&quot; violates not-null constraint
DETAIL:  Failing row contains (26, HwmCrfA6ap, HwmCrfA6ap, john.doe@email.co, lHuyiuhj, null, null, 2024-01-29, 2024-01-29, 2024-01-29 00:34:59.114792, f, f, null, null, null).
in SYSTEMPATH\Database\BaseConnection.php on line 647.
 1 SYSTEMPATH\Database\BaseBuilder.php(2302): CodeIgniter\Database\BaseConnection->query('INSERT INTO "users" ("fname", "lname", "username", "email", "user_password") VALUES (:fname:, :lname:, :username:, :email:, :user_password:)', [...], false)
 2 SYSTEMPATH\Model.php(326): CodeIgniter\Database\BaseBuilder->insert()
 3 SYSTEMPATH\BaseModel.php(802): CodeIgniter\Model->doInsert([...])
 4 SYSTEMPATH\Model.php(744): CodeIgniter\BaseModel->insert([...], false)
 5 SYSTEMPATH\BaseModel.php(713): CodeIgniter\Model->insert([...], false)
 6 APPPATH\Controllers\UpliftController.php(148): CodeIgniter\BaseModel->save([...])
 7 SYSTEMPATH\CodeIgniter.php(941): App\Controllers\UpliftController->signup()
 8 SYSTEMPATH\CodeIgniter.php(502): CodeIgniter\CodeIgniter->runController(Object(App\Controllers\UpliftController))
 9 SYSTEMPATH\CodeIgniter.php(361): CodeIgniter\CodeIgniter->handleRequest(null, Object(Config\Cache), false)
10 FCPATH\index.php(79): CodeIgniter\CodeIgniter->run()
11 SYSTEMPATH\Commands\Server\rewrite.php(47): require_once('C:\\xampp\\htdocs\\Ci4\\public\\index.php')
CRITICAL - 2024-01-28 19:04:59 --> [Caused by] CodeIgniter\Database\Exceptions\DatabaseException: pg_query(): Query failed: ERROR:  null value in column &quot;username&quot; of relation &quot;users&quot; violates not-null constraint
DETAIL:  Failing row contains (26, HwmCrfA6ap, HwmCrfA6ap, john.doe@email.co, lHuyiuhj, null, null, 2024-01-29, 2024-01-29, 2024-01-29 00:34:59.114792, f, f, null, null, null).
in SYSTEMPATH\Database\Postgre\Connection.php on line 192.
 1 SYSTEMPATH\Database\BaseConnection.php(693): CodeIgniter\Database\Postgre\Connection->execute('INSERT INTO "users" ("fname", "lname", "username", "email", "user_password") VALUES (\'HwmCrfA6ap\', \'HwmCrfA6ap\', NULL, \'john.doe@email.co\', \'lHuyiuhj\')')
 2 SYSTEMPATH\Database\BaseConnection.php(607): CodeIgniter\Database\BaseConnection->simpleQuery('INSERT INTO "users" ("fname", "lname", "username", "email", "user_password") VALUES (\'HwmCrfA6ap\', \'HwmCrfA6ap\', NULL, \'john.doe@email.co\', \'lHuyiuhj\')')
 3 SYSTEMPATH\Database\BaseBuilder.php(2302): CodeIgniter\Database\BaseConnection->query('INSERT INTO "users" ("fname", "lname", "username", "email", "user_password") VALUES (:fname:, :lname:, :username:, :email:, :user_password:)', [...], false)
 4 SYSTEMPATH\Model.php(326): CodeIgniter\Database\BaseBuilder->insert()
 5 SYSTEMPATH\BaseModel.php(802): CodeIgniter\Model->doInsert([...])
 6 SYSTEMPATH\Model.php(744): CodeIgniter\BaseModel->insert([...], false)
 7 SYSTEMPATH\BaseModel.php(713): CodeIgniter\Model->insert([...], false)
 8 APPPATH\Controllers\UpliftController.php(148): CodeIgniter\BaseModel->save([...])
 9 SYSTEMPATH\CodeIgniter.php(941): App\Controllers\UpliftController->signup()
10 SYSTEMPATH\CodeIgniter.php(502): CodeIgniter\CodeIgniter->runController(Object(App\Controllers\UpliftController))
11 SYSTEMPATH\CodeIgniter.php(361): CodeIgniter\CodeIgniter->handleRequest(null, Object(Config\Cache), false)
12 FCPATH\index.php(79): CodeIgniter\CodeIgniter->run()
13 SYSTEMPATH\Commands\Server\rewrite.php(47): require_once('C:\\xampp\\htdocs\\Ci4\\public\\index.php')
CRITICAL - 2024-01-28 19:04:59 --> [Caused by] ErrorException: pg_query(): Query failed: ERROR:  null value in column &quot;username&quot; of relation &quot;users&quot; violates not-null constraint
DETAIL:  Failing row contains (26, HwmCrfA6ap, HwmCrfA6ap, john.doe@email.co, lHuyiuhj, null, null, 2024-01-29, 2024-01-29, 2024-01-29 00:34:59.114792, f, f, null, null, null).
in SYSTEMPATH\Database\Postgre\Connection.php on line 187.
 1 [internal function]: CodeIgniter\Debug\Exceptions->errorHandler(2, 'pg_query(): Query failed: ERROR:  null value in column &quot;username&quot; of relation &quot;users&quot; violates not-null constraint
DETAIL:  Failing row contains (26, HwmCrfA6ap, HwmCrfA6ap, john.doe@email.co, lHuyiuhj, null, null, 2024-01-29, 2024-01-29, 2024-01-29 00:34:59.114792, f, f, null, null, null).', 'C:\\xampp\\htdocs\\Ci4\\system\\Database\\Postgre\\Connection.php', 187)
 2 SYSTEMPATH\Database\Postgre\Connection.php(187): pg_query(Object(PgSql\Connection), 'INSERT INTO "users" ("fname", "lname", "username", "email", "user_password") VALUES (\'HwmCrfA6ap\', \'HwmCrfA6ap\', NULL, \'john.doe@email.co\', \'lHuyiuhj\')')
 3 SYSTEMPATH\Database\BaseConnection.php(693): CodeIgniter\Database\Postgre\Connection->execute('INSERT INTO "users" ("fname", "lname", "username", "email", "user_password") VALUES (\'HwmCrfA6ap\', \'HwmCrfA6ap\', NULL, \'john.doe@email.co\', \'lHuyiuhj\')')
 4 SYSTEMPATH\Database\BaseConnection.php(607): CodeIgniter\Database\BaseConnection->simpleQuery('INSERT INTO "users" ("fname", "lname", "username", "email", "user_password") VALUES (\'HwmCrfA6ap\', \'HwmCrfA6ap\', NULL, \'john.doe@email.co\', \'lHuyiuhj\')')
 5 SYSTEMPATH\Database\BaseBuilder.php(2302): CodeIgniter\Database\BaseConnection->query('INSERT INTO "users" ("fname", "lname", "username", "email", "user_password") VALUES (:fname:, :lname:, :username:, :email:, :user_password:)', [...], false)
 6 SYSTEMPATH\Model.php(326): CodeIgniter\Database\BaseBuilder->insert()
 7 SYSTEMPATH\BaseModel.php(802): CodeIgniter\Model->doInsert([...])
 8 SYSTEMPATH\Model.php(744): CodeIgniter\BaseModel->insert([...], false)
 9 SYSTEMPATH\BaseModel.php(713): CodeIgniter\Model->insert([...], false)
10 APPPATH\Controllers\UpliftController.php(148): CodeIgniter\BaseModel->save([...])
11 SYSTEMPATH\CodeIgniter.php(941): App\Controllers\UpliftController->signup()
12 SYSTEMPATH\CodeIgniter.php(502): CodeIgniter\CodeIgniter->runController(Object(App\Controllers\UpliftController))
13 SYSTEMPATH\CodeIgniter.php(361): CodeIgniter\CodeIgniter->handleRequest(null, Object(Config\Cache), false)
14 FCPATH\index.php(79): CodeIgniter\CodeIgniter->run()
15 SYSTEMPATH\Commands\Server\rewrite.php(47): require_once('C:\\xampp\\htdocs\\Ci4\\public\\index.php')
CRITICAL - 2024-01-28 19:27:51 --> Error: Object of class CodeIgniter\HTTP\IncomingRequest could not be converted to string
in APPPATH\Controllers\UpliftController.php on line 139.
 1 SYSTEMPATH\CodeIgniter.php(941): App\Controllers\UpliftController->signup()
 2 SYSTEMPATH\CodeIgniter.php(502): CodeIgniter\CodeIgniter->runController(Object(App\Controllers\UpliftController))
 3 SYSTEMPATH\CodeIgniter.php(361): CodeIgniter\CodeIgniter->handleRequest(null, Object(Config\Cache), false)
 4 FCPATH\index.php(79): CodeIgniter\CodeIgniter->run()
 5 SYSTEMPATH\Commands\Server\rewrite.php(47): require_once('C:\\xampp\\htdocs\\Ci4\\public\\index.php')
CRITICAL - 2024-01-28 19:44:37 --> Error: Object of class CodeIgniter\HTTP\IncomingRequest could not be converted to string
in APPPATH\Controllers\UpliftController.php on line 139.
 1 SYSTEMPATH\CodeIgniter.php(941): App\Controllers\UpliftController->signup()
 2 SYSTEMPATH\CodeIgniter.php(502): CodeIgniter\CodeIgniter->runController(Object(App\Controllers\UpliftController))
 3 SYSTEMPATH\CodeIgniter.php(361): CodeIgniter\CodeIgniter->handleRequest(null, Object(Config\Cache), false)
 4 FCPATH\index.php(79): CodeIgniter\CodeIgniter->run()
 5 SYSTEMPATH\Commands\Server\rewrite.php(47): require_once('C:\\xampp\\htdocs\\Ci4\\public\\index.php')
CRITICAL - 2024-01-28 19:45:16 --> ErrorException: Trying to access array offset on value of type null
in SYSTEMPATH\BaseModel.php on line 802.
 1 SYSTEMPATH\BaseModel.php(802): CodeIgniter\Debug\Exceptions->errorHandler(2, 'Trying to access array offset on value of type null', 'C:\\xampp\\htdocs\\Ci4\\system\\BaseModel.php', 802)
 2 SYSTEMPATH\Model.php(744): CodeIgniter\BaseModel->insert([...], false)
 3 SYSTEMPATH\BaseModel.php(713): CodeIgniter\Model->insert([...], false)
 4 APPPATH\Controllers\UpliftController.php(145): CodeIgniter\BaseModel->save([...])
 5 SYSTEMPATH\CodeIgniter.php(941): App\Controllers\UpliftController->signup()
 6 SYSTEMPATH\CodeIgniter.php(502): CodeIgniter\CodeIgniter->runController(Object(App\Controllers\UpliftController))
 7 SYSTEMPATH\CodeIgniter.php(361): CodeIgniter\CodeIgniter->handleRequest(null, Object(Config\Cache), false)
 8 FCPATH\index.php(79): CodeIgniter\CodeIgniter->run()
 9 SYSTEMPATH\Commands\Server\rewrite.php(47): require_once('C:\\xampp\\htdocs\\Ci4\\public\\index.php')
INFO - 2024-01-28 20:04:45 --> Session: Class initialized using 'CodeIgniter\Session\Handlers\FileHandler' driver.
INFO - 2024-01-28 20:04:51 --> Session: Class initialized using 'CodeIgniter\Session\Handlers\FileHandler' driver.
INFO - 2024-01-28 20:04:52 --> Session: Class initialized using 'CodeIgniter\Session\Handlers\FileHandler' driver.
INFO - 2024-01-28 20:16:30 --> Session: Class initialized using 'CodeIgniter\Session\Handlers\FileHandler' driver.
INFO - 2024-01-28 20:16:31 --> Session: Class initialized using 'CodeIgniter\Session\Handlers\FileHandler' driver.
INFO - 2024-01-28 20:16:32 --> Session: Class initialized using 'CodeIgniter\Session\Handlers\FileHandler' driver.
INFO - 2024-01-28 20:16:34 --> Session: Class initialized using 'CodeIgniter\Session\Handlers\FileHandler' driver.
INFO - 2024-01-28 20:16:41 --> Session: Class initialized using 'CodeIgniter\Session\Handlers\FileHandler' driver.
INFO - 2024-01-28 20:16:41 --> Session: Class initialized using 'CodeIgniter\Session\Handlers\FileHandler' driver.
INFO - 2024-01-28 20:17:02 --> Session: Class initialized using 'CodeIgniter\Session\Handlers\FileHandler' driver.
INFO - 2024-01-28 20:17:04 --> Session: Class initialized using 'CodeIgniter\Session\Handlers\FileHandler' driver.
INFO - 2024-01-28 20:17:23 --> Session: Class initialized using 'CodeIgniter\Session\Handlers\FileHandler' driver.
CRITICAL - 2024-01-28 20:17:23 --> ErrorException: Undefined variable $session
in APPPATH\Views\uplift.php on line 11.
 1 APPPATH\Views\uplift.php(11): CodeIgniter\Debug\Exceptions->errorHandler(2, 'Undefined variable $session', 'C:\\xampp\\htdocs\\Ci4\\app\\Views\\uplift.php', 11)
 2 SYSTEMPATH\View\View.php(228): include('C:\\xampp\\htdocs\\Ci4\\app\\Views\\uplift.php')
 3 SYSTEMPATH\View\View.php(231): CodeIgniter\View\View->CodeIgniter\View\{closure}()
 4 SYSTEMPATH\Common.php(1178): CodeIgniter\View\View->render('uplift', [], true)
 5 APPPATH\Controllers\UpliftController.php(147): view('uplift')
 6 SYSTEMPATH\CodeIgniter.php(941): App\Controllers\UpliftController->uplift()
 7 SYSTEMPATH\CodeIgniter.php(502): CodeIgniter\CodeIgniter->runController(Object(App\Controllers\UpliftController))
 8 SYSTEMPATH\CodeIgniter.php(361): CodeIgniter\CodeIgniter->handleRequest(null, Object(Config\Cache), false)
 9 FCPATH\index.php(79): CodeIgniter\CodeIgniter->run()
10 SYSTEMPATH\Commands\Server\rewrite.php(47): require_once('C:\\xampp\\htdocs\\Ci4\\public\\index.php')
INFO - 2024-01-28 20:20:58 --> Session: Class initialized using 'CodeIgniter\Session\Handlers\FileHandler' driver.
CRITICAL - 2024-01-28 20:20:58 --> ErrorException: Undefined variable $session
in APPPATH\Views\uplift.php on line 11.
 1 APPPATH\Views\uplift.php(11): CodeIgniter\Debug\Exceptions->errorHandler(2, 'Undefined variable $session', 'C:\\xampp\\htdocs\\Ci4\\app\\Views\\uplift.php', 11)
 2 SYSTEMPATH\View\View.php(228): include('C:\\xampp\\htdocs\\Ci4\\app\\Views\\uplift.php')
 3 SYSTEMPATH\View\View.php(231): CodeIgniter\View\View->CodeIgniter\View\{closure}()
 4 SYSTEMPATH\Common.php(1178): CodeIgniter\View\View->render('uplift', [], true)
 5 APPPATH\Controllers\UpliftController.php(145): view('uplift')
 6 SYSTEMPATH\CodeIgniter.php(941): App\Controllers\UpliftController->uplift()
 7 SYSTEMPATH\CodeIgniter.php(502): CodeIgniter\CodeIgniter->runController(Object(App\Controllers\UpliftController))
 8 SYSTEMPATH\CodeIgniter.php(361): CodeIgniter\CodeIgniter->handleRequest(null, Object(Config\Cache), false)
 9 FCPATH\index.php(79): CodeIgniter\CodeIgniter->run()
10 SYSTEMPATH\Commands\Server\rewrite.php(47): require_once('C:\\xampp\\htdocs\\Ci4\\public\\index.php')
INFO - 2024-01-28 20:20:59 --> Session: Class initialized using 'CodeIgniter\Session\Handlers\FileHandler' driver.
CRITICAL - 2024-01-28 20:20:59 --> ErrorException: Undefined variable $session
in APPPATH\Views\uplift.php on line 11.
 1 APPPATH\Views\uplift.php(11): CodeIgniter\Debug\Exceptions->errorHandler(2, 'Undefined variable $session', 'C:\\xampp\\htdocs\\Ci4\\app\\Views\\uplift.php', 11)
 2 SYSTEMPATH\View\View.php(228): include('C:\\xampp\\htdocs\\Ci4\\app\\Views\\uplift.php')
 3 SYSTEMPATH\View\View.php(231): CodeIgniter\View\View->CodeIgniter\View\{closure}()
 4 SYSTEMPATH\Common.php(1178): CodeIgniter\View\View->render('uplift', [], true)
 5 APPPATH\Controllers\UpliftController.php(145): view('uplift')
 6 SYSTEMPATH\CodeIgniter.php(941): App\Controllers\UpliftController->uplift()
 7 SYSTEMPATH\CodeIgniter.php(502): CodeIgniter\CodeIgniter->runController(Object(App\Controllers\UpliftController))
 8 SYSTEMPATH\CodeIgniter.php(361): CodeIgniter\CodeIgniter->handleRequest(null, Object(Config\Cache), false)
 9 FCPATH\index.php(79): CodeIgniter\CodeIgniter->run()
10 SYSTEMPATH\Commands\Server\rewrite.php(47): require_once('C:\\xampp\\htdocs\\Ci4\\public\\index.php')
INFO - 2024-01-28 20:21:00 --> Session: Class initialized using 'CodeIgniter\Session\Handlers\FileHandler' driver.
CRITICAL - 2024-01-28 20:21:00 --> ErrorException: Undefined variable $session
in APPPATH\Views\uplift.php on line 11.
 1 APPPATH\Views\uplift.php(11): CodeIgniter\Debug\Exceptions->errorHandler(2, 'Undefined variable $session', 'C:\\xampp\\htdocs\\Ci4\\app\\Views\\uplift.php', 11)
 2 SYSTEMPATH\View\View.php(228): include('C:\\xampp\\htdocs\\Ci4\\app\\Views\\uplift.php')
 3 SYSTEMPATH\View\View.php(231): CodeIgniter\View\View->CodeIgniter\View\{closure}()
 4 SYSTEMPATH\Common.php(1178): CodeIgniter\View\View->render('uplift', [], true)
 5 APPPATH\Controllers\UpliftController.php(145): view('uplift')
 6 SYSTEMPATH\CodeIgniter.php(941): App\Controllers\UpliftController->uplift()
 7 SYSTEMPATH\CodeIgniter.php(502): CodeIgniter\CodeIgniter->runController(Object(App\Controllers\UpliftController))
 8 SYSTEMPATH\CodeIgniter.php(361): CodeIgniter\CodeIgniter->handleRequest(null, Object(Config\Cache), false)
 9 FCPATH\index.php(79): CodeIgniter\CodeIgniter->run()
10 SYSTEMPATH\Commands\Server\rewrite.php(47): require_once('C:\\xampp\\htdocs\\Ci4\\public\\index.php')
INFO - 2024-01-28 20:21:14 --> Session: Class initialized using 'CodeIgniter\Session\Handlers\FileHandler' driver.
INFO - 2024-01-28 20:21:40 --> Session: Class initialized using 'CodeIgniter\Session\Handlers\FileHandler' driver.
